<?xml version="1.0" encoding="UTF-8"?>
<!-- Generated by org.testng.reporters.JUnitReportReporter -->
<testsuite hostname="DESKTOP-AR99L16" failures="0" tests="1" name="com.ddf.TestCases.BankManagerLoginTest" time="3.897" errors="0" timestamp="16 Jun 2024 01:40:59 GMT" skipped="0">
  <testcase classname="com.ddf.TestCases.BankManagerLoginTest" name="loginAsBankManager" time="3.897"/>
</testsuite> <!-- com.ddf.TestCases.BankManagerLoginTest -->
