<?xml version="1.0" encoding="UTF-8"?>
<!-- Generated by org.testng.reporters.JUnitReportReporter -->
<testsuite hostname="DESKTOP-AR99L16" failures="0" tests="1" name="com.ddf.TestCases.AddCustomerTest" time="4.302" errors="0" timestamp="2024-06-16T21:11:24 PDT" skipped="0">
  <testcase classname="com.ddf.TestCases.AddCustomerTest" name="addCustomer" time="4.302"/>
  <system-out/>
</testsuite> <!-- com.ddf.TestCases.AddCustomerTest -->
