<?xml version="1.0" encoding="UTF-8"?>
<!-- Generated by org.testng.reporters.JUnitReportReporter -->
<testsuite hostname="DESKTOP-AR99L16" failures="0" tests="1" name="com.ddf.TestCases.AddCustomerTest" time="4.506" errors="0" timestamp="29 May 2024 03:55:30 GMT" skipped="0">
  <testcase classname="com.ddf.TestCases.AddCustomerTest" name="addCustomer" time="4.506"/>
</testsuite> <!-- com.ddf.TestCases.AddCustomerTest -->
