<?xml version="1.0" encoding="UTF-8"?>
<!-- Generated by org.testng.reporters.JUnitReportReporter -->
<testsuite hostname="DESKTOP-AR99L16" failures="0" tests="1" name="com.ddf.TestCases.LoginTest" time="3.738" errors="0" timestamp="27 May 2024 15:40:33 GMT" skipped="0">
  <testcase classname="com.ddf.TestCases.LoginTest" name="loginAsBankManager" time="3.738"/>
</testsuite> <!-- com.ddf.TestCases.LoginTest -->
