<?xml version="1.0" encoding="UTF-8"?>
<!-- Generated by org.testng.reporters.JUnitReportReporter -->
<testsuite hostname="DESKTOP-AR99L16" failures="0" tests="1" name="com.ddf.TestCases.AddCustomerTest" time="4.641" errors="0" timestamp="16 Jun 2024 01:40:59 GMT" skipped="0">
  <testcase classname="com.ddf.TestCases.AddCustomerTest" name="addCustomer" time="4.641"/>
</testsuite> <!-- com.ddf.TestCases.AddCustomerTest -->
