<?xml version="1.0" encoding="UTF-8"?>
<!-- Generated by org.testng.reporters.JUnitReportReporter -->
<testsuite hostname="DESKTOP-AR99L16" failures="0" tests="1" name="com.ddf.TestCases.AddCustomerTest" time="4.107" errors="0" timestamp="30 May 2024 05:37:25 GMT" skipped="0">
  <testcase classname="com.ddf.TestCases.AddCustomerTest" name="addCustomer" time="4.107"/>
</testsuite> <!-- com.ddf.TestCases.AddCustomerTest -->
