<?xml version="1.0" encoding="UTF-8"?>
<!-- Generated by org.testng.reporters.JUnitReportReporter -->
<testsuite hostname="DESKTOP-AR99L16" failures="0" tests="1" name="com.ddf.TestCases.AddCustomerTest" time="9.836" errors="0" timestamp="27 May 2024 19:23:01 GMT" skipped="0">
  <testcase classname="com.ddf.TestCases.AddCustomerTest" name="addCustomer" time="9.836"/>
</testsuite> <!-- com.ddf.TestCases.AddCustomerTest -->
