<?xml version="1.0" encoding="UTF-8"?>
<!-- Generated by org.testng.reporters.JUnitReportReporter -->
<testsuite hostname="DESKTOP-AR99L16" failures="0" tests="1" name="com.ddf.TestCases.BankManagerLoginTest" time="3.808" errors="0" timestamp="29 May 2024 05:18:15 GMT" skipped="0">
  <testcase classname="com.ddf.TestCases.BankManagerLoginTest" name="loginAsBankManager" time="3.808"/>
</testsuite> <!-- com.ddf.TestCases.BankManagerLoginTest -->
